<?xml version="1.0" encoding="UTF-8"?>
<testsuite name="util.IpAddressUtilTest" tests="7" skipped="0" failures="0" errors="0" timestamp="2019-06-28T07:42:44" hostname="Snehals-MacBook-Pro.local" time="0.002">
  <properties/>
  <testcase name="isIPValid_should_return_false_for_short_ip" classname="util.IpAddressUtilTest" time="0.0"/>
  <testcase name="generateIPForServers_throws_exception_for_max_pods_above_twofiftySix" classname="util.IpAddressUtilTest" time="0.0"/>
  <testcase name="generateIPForServers_throws_exception_for_negative_max_pods" classname="util.IpAddressUtilTest" time="0.0"/>
  <testcase name="generateIPForServers_throws_exception_for_max_servers_above_twofiftySix" classname="util.IpAddressUtilTest" time="0.0"/>
  <testcase name="generateIPForServers_returns_valid_ip_addresses_for_valid_input_values" classname="util.IpAddressUtilTest" time="0.0"/>
  <testcase name="isIPValid_should_return_false_for_invalid_ip" classname="util.IpAddressUtilTest" time="0.0"/>
  <testcase name="isIPValid_should_return_true_for_valid_ip" classname="util.IpAddressUtilTest" time="0.0"/>
  <system-out><![CDATA[]]></system-out>
  <system-err><![CDATA[]]></system-err>
</testsuite>
