<?xml version="1.0" encoding="UTF-8"?>
<testsuite name="util.TimeStampUtilTest" tests="4" skipped="0" failures="0" errors="0" timestamp="2019-06-28T07:42:44" hostname="Snehals-MacBook-Pro.local" time="0.031">
  <properties/>
  <testcase name="createTimeStampFromString_should_throw_exception_when_date_is_not_valid" classname="util.TimeStampUtilTest" time="0.029"/>
  <testcase name="createTimeStampFromString_should_return_valid_epoch_when_date_is_valid" classname="util.TimeStampUtilTest" time="0.001"/>
  <testcase name="createTimeStampsForDateAndMaxCount_should_return_time_stamps_for_five_min" classname="util.TimeStampUtilTest" time="0.001"/>
  <testcase name="timeStampToString_should_convert_time_stamp_to_valid_String_format" classname="util.TimeStampUtilTest" time="0.0"/>
  <system-out><![CDATA[]]></system-out>
  <system-err><![CDATA[]]></system-err>
</testsuite>
